<?xml version="1.0" encoding="UTF-8"?>
<coverage generated="1619958708321" clover="3.2.0">
  <project timestamp="1619958708321" name="All files">
    <metrics statements="39" coveredstatements="38" conditionals="4" coveredconditionals="3" methods="15" coveredmethods="14" elements="58" coveredelements="55" complexity="0" loc="39" ncloc="39" packages="1" files="3" classes="3"/>
    <file name="ComponentRegistry.ts" path="C:\Users\Ezbob\Documents\cleanup\Programming\javascript\escarole\src\ComponentRegistry.ts">
      <metrics statements="9" coveredstatements="9" conditionals="2" coveredconditionals="2" methods="3" coveredmethods="3"/>
      <line num="2" count="3" type="stmt"/>
      <line num="3" count="11" type="stmt"/>
      <line num="4" count="11" type="stmt"/>
      <line num="7" count="22" type="cond" truecount="2" falsecount="0"/>
      <line num="8" count="10" type="stmt"/>
      <line num="10" count="12" type="stmt"/>
      <line num="11" count="12" type="stmt"/>
      <line num="12" count="12" type="stmt"/>
      <line num="16" count="16" type="stmt"/>
    </file>
    <file name="Entity.ts" path="C:\Users\Ezbob\Documents\cleanup\Programming\javascript\escarole\src\Entity.ts">
      <metrics statements="12" coveredstatements="12" conditionals="0" coveredconditionals="0" methods="4" coveredmethods="4"/>
      <line num="3" count="2" type="stmt"/>
      <line num="6" count="12" type="stmt"/>
      <line num="9" count="12" type="stmt"/>
      <line num="10" count="12" type="stmt"/>
      <line num="14" count="13" type="stmt"/>
      <line num="15" count="13" type="stmt"/>
      <line num="19" count="1" type="stmt"/>
      <line num="20" count="1" type="stmt"/>
      <line num="21" count="1" type="stmt"/>
      <line num="26" count="10" type="stmt"/>
      <line num="27" count="16" type="stmt"/>
      <line num="28" count="16" type="stmt"/>
    </file>
    <file name="EntityManager.ts" path="C:\Users\Ezbob\Documents\cleanup\Programming\javascript\escarole\src\EntityManager.ts">
      <metrics statements="18" coveredstatements="17" conditionals="2" coveredconditionals="1" methods="8" coveredmethods="7"/>
      <line num="2" count="1" type="stmt"/>
      <line num="3" count="1" type="stmt"/>
      <line num="5" count="1" type="stmt"/>
      <line num="6" count="3" type="stmt"/>
      <line num="7" count="3" type="stmt"/>
      <line num="8" count="3" type="stmt"/>
      <line num="11" count="8" type="stmt"/>
      <line num="15" count="8" type="stmt"/>
      <line num="16" count="8" type="stmt"/>
      <line num="17" count="8" type="stmt"/>
      <line num="18" count="8" type="stmt"/>
      <line num="22" count="2" type="stmt"/>
      <line num="23" count="2" type="cond" truecount="1" falsecount="1"/>
      <line num="24" count="2" type="stmt"/>
      <line num="29" count="0" type="stmt"/>
      <line num="33" count="3" type="stmt"/>
      <line num="37" count="1" type="stmt"/>
      <line num="38" count="3" type="stmt"/>
    </file>
  </project>
</coverage>
