TN:
SF:src\ComponentRegistry.ts
FN:2,(anonymous_0)
FN:6,(anonymous_1)
FN:15,(anonymous_2)
FNF:3
FNH:3
FNDA:11,(anonymous_0)
FNDA:22,(anonymous_1)
FNDA:16,(anonymous_2)
DA:2,3
DA:3,11
DA:4,11
DA:7,22
DA:8,10
DA:10,12
DA:11,12
DA:12,12
DA:16,16
LF:9
LH:9
BRDA:7,0,0,10
BRDA:7,0,1,12
BRF:2
BRH:2
end_of_record
TN:
SF:src\Entity.ts
FN:8,(anonymous_0)
FN:13,(anonymous_1)
FN:18,(anonymous_2)
FN:25,(anonymous_3)
FNF:4
FNH:4
FNDA:12,(anonymous_0)
FNDA:13,(anonymous_1)
FNDA:1,(anonymous_2)
FNDA:10,(anonymous_3)
DA:3,2
DA:6,12
DA:9,12
DA:10,12
DA:14,13
DA:15,13
DA:19,1
DA:20,1
DA:21,1
DA:26,10
DA:27,16
DA:28,16
LF:12
LH:12
BRF:0
BRH:0
end_of_record
TN:
SF:src\EntityManager.ts
FN:5,(anonymous_0)
FN:10,(anonymous_1)
FN:14,(anonymous_2)
FN:21,(anonymous_3)
FN:22,(anonymous_4)
FN:28,(anonymous_5)
FN:32,(anonymous_6)
FN:36,(anonymous_7)
FNF:8
FNH:7
FNDA:3,(anonymous_0)
FNDA:8,(anonymous_1)
FNDA:8,(anonymous_2)
FNDA:2,(anonymous_3)
FNDA:2,(anonymous_4)
FNDA:0,(anonymous_5)
FNDA:3,(anonymous_6)
FNDA:1,(anonymous_7)
DA:2,1
DA:3,1
DA:5,1
DA:6,3
DA:7,3
DA:8,3
DA:11,8
DA:15,8
DA:16,8
DA:17,8
DA:18,8
DA:22,2
DA:23,2
DA:24,2
DA:29,0
DA:33,3
DA:37,1
DA:38,3
LF:18
LH:17
BRDA:23,0,0,2
BRDA:23,0,1,0
BRF:2
BRH:1
end_of_record
